# Logfile created on 2015-02-22 22:08:25 +0200 by logger.rb/41954
I, [2015-02-22T22:08:25.365257 #25158]  INFO -- : 0:  rake (10.4.2) from /home/wadror/.rbenv/versions/2.0.0-p353/lib/ruby/gems/2.0.0/specifications/rake-10.4.2.gemspec
I, [2015-02-22T22:08:25.365757 #25158]  INFO -- : 0:  i18n (0.7.0) from /home/wadror/.rbenv/versions/2.0.0-p353/lib/ruby/gems/2.0.0/specifications/i18n-0.7.0.gemspec
I, [2015-02-22T22:08:25.366258 #25158]  INFO -- : 0:  json (1.8.2) from /home/wadror/.rbenv/versions/2.0.0-p353/lib/ruby/gems/2.0.0/specifications/json-1.8.2.gemspec
I, [2015-02-22T22:08:25.366616 #25158]  INFO -- : 0:  minitest (5.5.1) from /home/wadror/.rbenv/versions/2.0.0-p353/lib/ruby/gems/2.0.0/specifications/minitest-5.5.1.gemspec
I, [2015-02-22T22:08:25.366932 #25158]  INFO -- : 0:  thread_safe (0.3.4) from /home/wadror/.rbenv/versions/2.0.0-p353/lib/ruby/gems/2.0.0/specifications/thread_safe-0.3.4.gemspec
I, [2015-02-22T22:08:25.367240 #25158]  INFO -- : 0:  tzinfo (1.2.2) from /home/wadror/.rbenv/versions/2.0.0-p353/lib/ruby/gems/2.0.0/specifications/tzinfo-1.2.2.gemspec
I, [2015-02-22T22:08:25.367547 #25158]  INFO -- : 0:  activesupport (4.1.5) from /home/wadror/.rbenv/versions/2.0.0-p353/lib/ruby/gems/2.0.0/specifications/activesupport-4.1.5.gemspec
I, [2015-02-22T22:08:25.367850 #25158]  INFO -- : 0:  builder (3.2.2) from /home/wadror/.rbenv/versions/2.0.0-p353/lib/ruby/gems/2.0.0/specifications/builder-3.2.2.gemspec
I, [2015-02-22T22:08:25.369491 #25158]  INFO -- : 0:  erubis (2.7.0) from /home/wadror/.rbenv/versions/2.0.0-p353/lib/ruby/gems/2.0.0/specifications/erubis-2.7.0.gemspec
I, [2015-02-22T22:08:25.370630 #25158]  INFO -- : 0:  actionview (4.1.5) from /home/wadror/.rbenv/versions/2.0.0-p353/lib/ruby/gems/2.0.0/specifications/actionview-4.1.5.gemspec
I, [2015-02-22T22:08:25.371347 #25158]  INFO -- : 0:  rack (1.5.2) from /home/wadror/.rbenv/versions/2.0.0-p353/lib/ruby/gems/2.0.0/specifications/rack-1.5.2.gemspec
I, [2015-02-22T22:08:25.371983 #25158]  INFO -- : 0:  rack-test (0.6.3) from /home/wadror/.rbenv/versions/2.0.0-p353/lib/ruby/gems/2.0.0/specifications/rack-test-0.6.3.gemspec
I, [2015-02-22T22:08:25.372696 #25158]  INFO -- : 0:  actionpack (4.1.5) from /home/wadror/.rbenv/versions/2.0.0-p353/lib/ruby/gems/2.0.0/specifications/actionpack-4.1.5.gemspec
I, [2015-02-22T22:08:25.373523 #25158]  INFO -- : 0:  mime-types (1.25.1) from /home/wadror/.rbenv/versions/2.0.0-p353/lib/ruby/gems/2.0.0/specifications/mime-types-1.25.1.gemspec
I, [2015-02-22T22:08:25.374036 #25158]  INFO -- : 0:  polyglot (0.3.5) from /home/wadror/.rbenv/versions/2.0.0-p353/lib/ruby/gems/2.0.0/specifications/polyglot-0.3.5.gemspec
I, [2015-02-22T22:08:25.374410 #25158]  INFO -- : 0:  treetop (1.4.15) from /home/wadror/.rbenv/versions/2.0.0-p353/lib/ruby/gems/2.0.0/specifications/treetop-1.4.15.gemspec
I, [2015-02-22T22:08:25.374725 #25158]  INFO -- : 0:  mail (2.5.4) from /home/wadror/.rbenv/versions/2.0.0-p353/lib/ruby/gems/2.0.0/specifications/mail-2.5.4.gemspec
I, [2015-02-22T22:08:25.375892 #25158]  INFO -- : 0:  actionmailer (4.1.5) from /home/wadror/.rbenv/versions/2.0.0-p353/lib/ruby/gems/2.0.0/specifications/actionmailer-4.1.5.gemspec
I, [2015-02-22T22:08:25.376208 #25158]  INFO -- : 0:  activemodel (4.1.5) from /home/wadror/.rbenv/versions/2.0.0-p353/lib/ruby/gems/2.0.0/specifications/activemodel-4.1.5.gemspec
I, [2015-02-22T22:08:25.376517 #25158]  INFO -- : 0:  arel (5.0.1.20140414130214) from /home/wadror/.rbenv/versions/2.0.0-p353/lib/ruby/gems/2.0.0/specifications/arel-5.0.1.20140414130214.gemspec
I, [2015-02-22T22:08:25.376826 #25158]  INFO -- : 0:  activerecord (4.1.5) from /home/wadror/.rbenv/versions/2.0.0-p353/lib/ruby/gems/2.0.0/specifications/activerecord-4.1.5.gemspec
I, [2015-02-22T22:08:25.377126 #25158]  INFO -- : 0:  addressable (2.3.6) from /home/wadror/.rbenv/versions/2.0.0-p353/lib/ruby/gems/2.0.0/specifications/addressable-2.3.6.gemspec
I, [2015-02-22T22:08:25.377428 #25158]  INFO -- : 0:  bcrypt (3.1.10) from /home/wadror/.rbenv/versions/2.0.0-p353/lib/ruby/gems/2.0.0/specifications/bcrypt-3.1.10.gemspec
I, [2015-02-22T22:08:25.377749 #25158]  INFO -- : 0:  coderay (1.1.0) from /home/wadror/.rbenv/versions/2.0.0-p353/lib/ruby/gems/2.0.0/specifications/coderay-1.1.0.gemspec
I, [2015-02-22T22:08:25.378051 #25158]  INFO -- : 0:  better_errors (2.1.1) from /home/wadror/.rbenv/versions/2.0.0-p353/lib/ruby/gems/2.0.0/specifications/better_errors-2.1.1.gemspec
I, [2015-02-22T22:08:25.378350 #25158]  INFO -- : 0:  debug_inspector (0.0.2) from /home/wadror/.rbenv/versions/2.0.0-p353/lib/ruby/gems/2.0.0/specifications/debug_inspector-0.0.2.gemspec
I, [2015-02-22T22:08:25.378588 #25158]  INFO -- : 0:  binding_of_caller (0.7.2) from /home/wadror/.rbenv/versions/2.0.0-p353/lib/ruby/gems/2.0.0/specifications/binding_of_caller-0.7.2.gemspec
I, [2015-02-22T22:08:25.378890 #25158]  INFO -- : 0:  columnize (0.9.0) from /home/wadror/.rbenv/versions/2.0.0-p353/lib/ruby/gems/2.0.0/specifications/columnize-0.9.0.gemspec
I, [2015-02-22T22:08:25.379188 #25158]  INFO -- : 0:  debugger-linecache (1.2.0) from /home/wadror/.rbenv/versions/2.0.0-p353/lib/ruby/gems/2.0.0/specifications/debugger-linecache-1.2.0.gemspec
I, [2015-02-22T22:08:25.379482 #25158]  INFO -- : 0:  slop (3.6.0) from /home/wadror/.rbenv/versions/2.0.0-p353/lib/ruby/gems/2.0.0/specifications/slop-3.6.0.gemspec
I, [2015-02-22T22:08:25.379799 #25158]  INFO -- : 0:  byebug (3.5.1) from /home/wadror/.rbenv/versions/2.0.0-p353/lib/ruby/gems/2.0.0/specifications/byebug-3.5.1.gemspec
I, [2015-02-22T22:08:25.380079 #25158]  INFO -- : 0:  mini_portile (0.6.2) from /home/wadror/.rbenv/versions/2.0.0-p353/lib/ruby/gems/2.0.0/specifications/mini_portile-0.6.2.gemspec
I, [2015-02-22T22:08:25.380359 #25158]  INFO -- : 0:  nokogiri (1.6.6.2) from /home/wadror/.rbenv/versions/2.0.0-p353/lib/ruby/gems/2.0.0/specifications/nokogiri-1.6.6.2.gemspec
I, [2015-02-22T22:08:25.380636 #25158]  INFO -- : 0:  xpath (2.0.0) from /home/wadror/.rbenv/versions/2.0.0-p353/lib/ruby/gems/2.0.0/specifications/xpath-2.0.0.gemspec
I, [2015-02-22T22:08:25.380946 #25158]  INFO -- : 0:  capybara (2.4.4) from /home/wadror/.rbenv/versions/2.0.0-p353/lib/ruby/gems/2.0.0/specifications/capybara-2.4.4.gemspec
I, [2015-02-22T22:08:25.381248 #25158]  INFO -- : 0:  coffee-script-source (1.9.0) from /home/wadror/.rbenv/versions/2.0.0-p353/lib/ruby/gems/2.0.0/specifications/coffee-script-source-1.9.0.gemspec
I, [2015-02-22T22:08:25.381529 #25158]  INFO -- : 0:  execjs (2.2.2) from /home/wadror/.rbenv/versions/2.0.0-p353/lib/ruby/gems/2.0.0/specifications/execjs-2.2.2.gemspec
I, [2015-02-22T22:08:25.381840 #25158]  INFO -- : 0:  coffee-script (2.3.0) from /home/wadror/.rbenv/versions/2.0.0-p353/lib/ruby/gems/2.0.0/specifications/coffee-script-2.3.0.gemspec
I, [2015-02-22T22:08:25.382586 #25158]  INFO -- : 0:  thor (0.19.1) from /home/wadror/.rbenv/versions/2.0.0-p353/lib/ruby/gems/2.0.0/specifications/thor-0.19.1.gemspec
I, [2015-02-22T22:08:25.382870 #25158]  INFO -- : 0:  railties (4.1.5) from /home/wadror/.rbenv/versions/2.0.0-p353/lib/ruby/gems/2.0.0/specifications/railties-4.1.5.gemspec
I, [2015-02-22T22:08:25.383268 #25158]  INFO -- : 0:  coffee-rails (4.0.1) from /home/wadror/.rbenv/versions/2.0.0-p353/lib/ruby/gems/2.0.0/specifications/coffee-rails-4.0.1.gemspec
I, [2015-02-22T22:08:26.939538 #25158]  INFO -- : 0:  safe_yaml (1.0.3) from /home/wadror/.rbenv/versions/2.0.0-p353/lib/ruby/gems/2.0.0/specifications/safe_yaml-1.0.3.gemspec
I, [2015-02-22T22:08:26.941757 #25158]  INFO -- : 0:  crack (0.4.2) from /home/wadror/.rbenv/versions/2.0.0-p353/lib/ruby/gems/2.0.0/specifications/crack-0.4.2.gemspec
I, [2015-02-22T22:08:26.942128 #25158]  INFO -- : 0:  diff-lcs (1.2.5) from /home/wadror/.rbenv/versions/2.0.0-p353/lib/ruby/gems/2.0.0/specifications/diff-lcs-1.2.5.gemspec
I, [2015-02-22T22:08:26.943258 #25158]  INFO -- : 0:  docile (1.1.3) from /home/wadror/.rbenv/versions/2.0.0-p353/lib/ruby/gems/2.0.0/specifications/docile-1.1.3.gemspec
I, [2015-02-22T22:08:26.943578 #25158]  INFO -- : 0:  factory_girl (4.5.0) from /home/wadror/.rbenv/versions/2.0.0-p353/lib/ruby/gems/2.0.0/specifications/factory_girl-4.5.0.gemspec
I, [2015-02-22T22:08:26.943901 #25158]  INFO -- : 0:  factory_girl_rails (4.5.0) from /home/wadror/.rbenv/versions/2.0.0-p353/lib/ruby/gems/2.0.0/specifications/factory_girl_rails-4.5.0.gemspec
I, [2015-02-22T22:08:26.944201 #25158]  INFO -- : 0:  hike (1.2.3) from /home/wadror/.rbenv/versions/2.0.0-p353/lib/ruby/gems/2.0.0/specifications/hike-1.2.3.gemspec
I, [2015-02-22T22:08:26.944492 #25158]  INFO -- : 0:  multi_xml (0.5.5) from /home/wadror/.rbenv/versions/2.0.0-p353/lib/ruby/gems/2.0.0/specifications/multi_xml-0.5.5.gemspec
I, [2015-02-22T22:08:28.664579 #25158]  INFO -- : 0:  httparty (0.13.1) from /home/wadror/.rbenv/versions/2.0.0-p353/lib/ruby/gems/2.0.0/specifications/httparty-0.13.1.gemspec
I, [2015-02-22T22:08:28.665355 #25158]  INFO -- : 0:  multi_json (1.10.1) from /home/wadror/.rbenv/versions/2.0.0-p353/lib/ruby/gems/2.0.0/specifications/multi_json-1.10.1.gemspec
I, [2015-02-22T22:08:28.665900 #25158]  INFO -- : 0:  jbuilder (2.2.6) from /home/wadror/.rbenv/versions/2.0.0-p353/lib/ruby/gems/2.0.0/specifications/jbuilder-2.2.6.gemspec
I, [2015-02-22T22:08:28.666261 #25158]  INFO -- : 0:  jquery-rails (3.1.2) from /home/wadror/.rbenv/versions/2.0.0-p353/lib/ruby/gems/2.0.0/specifications/jquery-rails-3.1.2.gemspec
I, [2015-02-22T22:08:28.666618 #25158]  INFO -- : 0:  launchy (2.4.3) from /home/wadror/.rbenv/versions/2.0.0-p353/lib/ruby/gems/2.0.0/specifications/launchy-2.4.3.gemspec
I, [2015-02-22T22:08:28.667765 #25158]  INFO -- : 0:  pg (0.18.1) from /home/wadror/.rbenv/versions/2.0.0-p353/lib/ruby/gems/2.0.0/specifications/pg-0.18.1.gemspec
I, [2015-02-22T22:08:28.668290 #25158]  INFO -- : 0:  bundler (1.5.1) from /home/wadror/.rbenv/versions/2.0.0-p353/lib/ruby/gems/2.0.0/specifications/bundler-1.5.1.gemspec
I, [2015-02-22T22:08:28.668628 #25158]  INFO -- : 0:  tilt (1.4.1) from /home/wadror/.rbenv/versions/2.0.0-p353/lib/ruby/gems/2.0.0/specifications/tilt-1.4.1.gemspec
I, [2015-02-22T22:08:28.669017 #25158]  INFO -- : 0:  sprockets (2.12.3) from /home/wadror/.rbenv/versions/2.0.0-p353/lib/ruby/gems/2.0.0/specifications/sprockets-2.12.3.gemspec
I, [2015-02-22T22:08:28.669346 #25158]  INFO -- : 0:  sprockets-rails (2.2.4) from /home/wadror/.rbenv/versions/2.0.0-p353/lib/ruby/gems/2.0.0/specifications/sprockets-rails-2.2.4.gemspec
I, [2015-02-22T22:08:28.669703 #25158]  INFO -- : 0:  rails (4.1.5) from /home/wadror/.rbenv/versions/2.0.0-p353/lib/ruby/gems/2.0.0/specifications/rails-4.1.5.gemspec
I, [2015-02-22T22:08:28.670054 #25158]  INFO -- : 0:  rails_serve_static_assets (0.0.4) from /home/wadror/.rbenv/versions/2.0.0-p353/lib/ruby/gems/2.0.0/specifications/rails_serve_static_assets-0.0.4.gemspec
I, [2015-02-22T22:08:28.670370 #25158]  INFO -- : 0:  rails_stdout_logging (0.0.3) from /home/wadror/.rbenv/versions/2.0.0-p353/lib/ruby/gems/2.0.0/specifications/rails_stdout_logging-0.0.3.gemspec
I, [2015-02-22T22:08:28.670775 #25158]  INFO -- : 0:  rails_12factor (0.0.3) from /home/wadror/.rbenv/versions/2.0.0-p353/lib/ruby/gems/2.0.0/specifications/rails_12factor-0.0.3.gemspec
I, [2015-02-22T22:08:28.671108 #25158]  INFO -- : 0:  rdoc (4.2.0) from /home/wadror/.rbenv/versions/2.0.0-p353/lib/ruby/gems/2.0.0/specifications/rdoc-4.2.0.gemspec
I, [2015-02-22T22:08:28.671428 #25158]  INFO -- : 0:  rspec-support (3.1.2) from /home/wadror/.rbenv/versions/2.0.0-p353/lib/ruby/gems/2.0.0/specifications/rspec-support-3.1.2.gemspec
I, [2015-02-22T22:08:28.671736 #25158]  INFO -- : 0:  rspec-core (3.1.7) from /home/wadror/.rbenv/versions/2.0.0-p353/lib/ruby/gems/2.0.0/specifications/rspec-core-3.1.7.gemspec
I, [2015-02-22T22:08:28.672114 #25158]  INFO -- : 0:  rspec-expectations (3.1.2) from /home/wadror/.rbenv/versions/2.0.0-p353/lib/ruby/gems/2.0.0/specifications/rspec-expectations-3.1.2.gemspec
I, [2015-02-22T22:08:28.673068 #25158]  INFO -- : 0:  rspec-its (1.1.0) from /home/wadror/.rbenv/versions/2.0.0-p353/lib/ruby/gems/2.0.0/specifications/rspec-its-1.1.0.gemspec
I, [2015-02-22T22:08:28.673423 #25158]  INFO -- : 0:  rspec-mocks (3.1.3) from /home/wadror/.rbenv/versions/2.0.0-p353/lib/ruby/gems/2.0.0/specifications/rspec-mocks-3.1.3.gemspec
I, [2015-02-22T22:08:28.673770 #25158]  INFO -- : 0:  rspec-rails (3.1.0) from /home/wadror/.rbenv/versions/2.0.0-p353/lib/ruby/gems/2.0.0/specifications/rspec-rails-3.1.0.gemspec
I, [2015-02-22T22:08:28.674299 #25158]  INFO -- : 0:  sass (3.2.19) from /home/wadror/.rbenv/versions/2.0.0-p353/lib/ruby/gems/2.0.0/specifications/sass-3.2.19.gemspec
I, [2015-02-22T22:08:28.675997 #25158]  INFO -- : 0:  sass-rails (4.0.5) from /home/wadror/.rbenv/versions/2.0.0-p353/lib/ruby/gems/2.0.0/specifications/sass-rails-4.0.5.gemspec
I, [2015-02-22T22:08:28.676915 #25158]  INFO -- : 0:  sdoc (0.4.1) from /home/wadror/.rbenv/versions/2.0.0-p353/lib/ruby/gems/2.0.0/specifications/sdoc-0.4.1.gemspec
I, [2015-02-22T22:08:28.678724 #25158]  INFO -- : 0:  simplecov-html (0.8.0) from /home/wadror/.rbenv/versions/2.0.0-p353/lib/ruby/gems/2.0.0/specifications/simplecov-html-0.8.0.gemspec
I, [2015-02-22T22:08:28.679608 #25158]  INFO -- : 0:  simplecov (0.8.2) from /home/wadror/.rbenv/versions/2.0.0-p353/lib/ruby/gems/2.0.0/specifications/simplecov-0.8.2.gemspec
I, [2015-02-22T22:08:28.680008 #25158]  INFO -- : 0:  spring (1.2.0) from /home/wadror/.rbenv/versions/2.0.0-p353/lib/ruby/gems/2.0.0/specifications/spring-1.2.0.gemspec
I, [2015-02-22T22:08:28.680332 #25158]  INFO -- : 0:  sqlite3 (1.3.10) from /home/wadror/.rbenv/versions/2.0.0-p353/lib/ruby/gems/2.0.0/specifications/sqlite3-1.3.10.gemspec
I, [2015-02-22T22:08:28.680739 #25158]  INFO -- : 0:  turbolinks (2.5.3) from /home/wadror/.rbenv/versions/2.0.0-p353/lib/ruby/gems/2.0.0/specifications/turbolinks-2.5.3.gemspec
I, [2015-02-22T22:08:28.681050 #25158]  INFO -- : 0:  uglifier (2.7.0) from /home/wadror/.rbenv/versions/2.0.0-p353/lib/ruby/gems/2.0.0/specifications/uglifier-2.7.0.gemspec
I, [2015-02-22T22:08:28.681455 #25158]  INFO -- : 0:  web-console (2.0.0) from /home/wadror/.rbenv/versions/2.0.0-p353/lib/ruby/gems/2.0.0/specifications/web-console-2.0.0.gemspec
I, [2015-02-22T22:08:30.345246 #25158]  INFO -- : 0:  webmock (1.18.0) from /home/wadror/.rbenv/versions/2.0.0-p353/lib/ruby/gems/2.0.0/specifications/webmock-1.18.0.gemspec
I, [2015-02-22T22:09:22.810970 #25239]  INFO -- : 0:  rake (10.4.2) from /home/wadror/.rbenv/versions/2.0.0-p353/lib/ruby/gems/2.0.0/specifications/rake-10.4.2.gemspec
I, [2015-02-22T22:09:22.811709 #25239]  INFO -- : 0:  i18n (0.7.0) from /home/wadror/.rbenv/versions/2.0.0-p353/lib/ruby/gems/2.0.0/specifications/i18n-0.7.0.gemspec
I, [2015-02-22T22:09:22.812083 #25239]  INFO -- : 0:  json (1.8.2) from /home/wadror/.rbenv/versions/2.0.0-p353/lib/ruby/gems/2.0.0/specifications/json-1.8.2.gemspec
I, [2015-02-22T22:09:22.812583 #25239]  INFO -- : 0:  minitest (5.5.1) from /home/wadror/.rbenv/versions/2.0.0-p353/lib/ruby/gems/2.0.0/specifications/minitest-5.5.1.gemspec
I, [2015-02-22T22:09:22.812928 #25239]  INFO -- : 0:  thread_safe (0.3.4) from /home/wadror/.rbenv/versions/2.0.0-p353/lib/ruby/gems/2.0.0/specifications/thread_safe-0.3.4.gemspec
I, [2015-02-22T22:09:22.813269 #25239]  INFO -- : 0:  tzinfo (1.2.2) from /home/wadror/.rbenv/versions/2.0.0-p353/lib/ruby/gems/2.0.0/specifications/tzinfo-1.2.2.gemspec
I, [2015-02-22T22:09:22.813592 #25239]  INFO -- : 0:  activesupport (4.1.5) from /home/wadror/.rbenv/versions/2.0.0-p353/lib/ruby/gems/2.0.0/specifications/activesupport-4.1.5.gemspec
I, [2015-02-22T22:09:22.814160 #25239]  INFO -- : 0:  builder (3.2.2) from /home/wadror/.rbenv/versions/2.0.0-p353/lib/ruby/gems/2.0.0/specifications/builder-3.2.2.gemspec
I, [2015-02-22T22:09:22.814482 #25239]  INFO -- : 0:  erubis (2.7.0) from /home/wadror/.rbenv/versions/2.0.0-p353/lib/ruby/gems/2.0.0/specifications/erubis-2.7.0.gemspec
I, [2015-02-22T22:09:22.814859 #25239]  INFO -- : 0:  actionview (4.1.5) from /home/wadror/.rbenv/versions/2.0.0-p353/lib/ruby/gems/2.0.0/specifications/actionview-4.1.5.gemspec
I, [2015-02-22T22:09:22.815195 #25239]  INFO -- : 0:  rack (1.5.2) from /home/wadror/.rbenv/versions/2.0.0-p353/lib/ruby/gems/2.0.0/specifications/rack-1.5.2.gemspec
I, [2015-02-22T22:09:22.815584 #25239]  INFO -- : 0:  rack-test (0.6.3) from /home/wadror/.rbenv/versions/2.0.0-p353/lib/ruby/gems/2.0.0/specifications/rack-test-0.6.3.gemspec
I, [2015-02-22T22:09:22.815939 #25239]  INFO -- : 0:  actionpack (4.1.5) from /home/wadror/.rbenv/versions/2.0.0-p353/lib/ruby/gems/2.0.0/specifications/actionpack-4.1.5.gemspec
I, [2015-02-22T22:09:22.816299 #25239]  INFO -- : 0:  mime-types (1.25.1) from /home/wadror/.rbenv/versions/2.0.0-p353/lib/ruby/gems/2.0.0/specifications/mime-types-1.25.1.gemspec
I, [2015-02-22T22:09:22.816616 #25239]  INFO -- : 0:  polyglot (0.3.5) from /home/wadror/.rbenv/versions/2.0.0-p353/lib/ruby/gems/2.0.0/specifications/polyglot-0.3.5.gemspec
I, [2015-02-22T22:09:22.816963 #25239]  INFO -- : 0:  treetop (1.4.15) from /home/wadror/.rbenv/versions/2.0.0-p353/lib/ruby/gems/2.0.0/specifications/treetop-1.4.15.gemspec
I, [2015-02-22T22:09:22.817297 #25239]  INFO -- : 0:  mail (2.5.4) from /home/wadror/.rbenv/versions/2.0.0-p353/lib/ruby/gems/2.0.0/specifications/mail-2.5.4.gemspec
I, [2015-02-22T22:09:22.818812 #25239]  INFO -- : 0:  actionmailer (4.1.5) from /home/wadror/.rbenv/versions/2.0.0-p353/lib/ruby/gems/2.0.0/specifications/actionmailer-4.1.5.gemspec
I, [2015-02-22T22:09:22.819147 #25239]  INFO -- : 0:  activemodel (4.1.5) from /home/wadror/.rbenv/versions/2.0.0-p353/lib/ruby/gems/2.0.0/specifications/activemodel-4.1.5.gemspec
I, [2015-02-22T22:09:22.819491 #25239]  INFO -- : 0:  arel (5.0.1.20140414130214) from /home/wadror/.rbenv/versions/2.0.0-p353/lib/ruby/gems/2.0.0/specifications/arel-5.0.1.20140414130214.gemspec
I, [2015-02-22T22:09:22.820766 #25239]  INFO -- : 0:  activerecord (4.1.5) from /home/wadror/.rbenv/versions/2.0.0-p353/lib/ruby/gems/2.0.0/specifications/activerecord-4.1.5.gemspec
I, [2015-02-22T22:09:22.821306 #25239]  INFO -- : 0:  addressable (2.3.6) from /home/wadror/.rbenv/versions/2.0.0-p353/lib/ruby/gems/2.0.0/specifications/addressable-2.3.6.gemspec
I, [2015-02-22T22:09:22.821644 #25239]  INFO -- : 0:  bcrypt (3.1.10) from /home/wadror/.rbenv/versions/2.0.0-p353/lib/ruby/gems/2.0.0/specifications/bcrypt-3.1.10.gemspec
I, [2015-02-22T22:09:22.822171 #25239]  INFO -- : 0:  coderay (1.1.0) from /home/wadror/.rbenv/versions/2.0.0-p353/lib/ruby/gems/2.0.0/specifications/coderay-1.1.0.gemspec
I, [2015-02-22T22:09:22.823365 #25239]  INFO -- : 0:  better_errors (2.1.1) from /home/wadror/.rbenv/versions/2.0.0-p353/lib/ruby/gems/2.0.0/specifications/better_errors-2.1.1.gemspec
I, [2015-02-22T22:09:22.823917 #25239]  INFO -- : 0:  debug_inspector (0.0.2) from /home/wadror/.rbenv/versions/2.0.0-p353/lib/ruby/gems/2.0.0/specifications/debug_inspector-0.0.2.gemspec
I, [2015-02-22T22:09:22.824281 #25239]  INFO -- : 0:  binding_of_caller (0.7.2) from /home/wadror/.rbenv/versions/2.0.0-p353/lib/ruby/gems/2.0.0/specifications/binding_of_caller-0.7.2.gemspec
I, [2015-02-22T22:09:22.824660 #25239]  INFO -- : 0:  columnize (0.9.0) from /home/wadror/.rbenv/versions/2.0.0-p353/lib/ruby/gems/2.0.0/specifications/columnize-0.9.0.gemspec
I, [2015-02-22T22:09:22.825280 #25239]  INFO -- : 0:  debugger-linecache (1.2.0) from /home/wadror/.rbenv/versions/2.0.0-p353/lib/ruby/gems/2.0.0/specifications/debugger-linecache-1.2.0.gemspec
I, [2015-02-22T22:09:22.826712 #25239]  INFO -- : 0:  slop (3.6.0) from /home/wadror/.rbenv/versions/2.0.0-p353/lib/ruby/gems/2.0.0/specifications/slop-3.6.0.gemspec
I, [2015-02-22T22:09:22.827710 #25239]  INFO -- : 0:  byebug (3.5.1) from /home/wadror/.rbenv/versions/2.0.0-p353/lib/ruby/gems/2.0.0/specifications/byebug-3.5.1.gemspec
I, [2015-02-22T22:09:22.828477 #25239]  INFO -- : 0:  mini_portile (0.6.2) from /home/wadror/.rbenv/versions/2.0.0-p353/lib/ruby/gems/2.0.0/specifications/mini_portile-0.6.2.gemspec
I, [2015-02-22T22:09:22.828851 #25239]  INFO -- : 0:  nokogiri (1.6.6.2) from /home/wadror/.rbenv/versions/2.0.0-p353/lib/ruby/gems/2.0.0/specifications/nokogiri-1.6.6.2.gemspec
I, [2015-02-22T22:09:22.830306 #25239]  INFO -- : 0:  xpath (2.0.0) from /home/wadror/.rbenv/versions/2.0.0-p353/lib/ruby/gems/2.0.0/specifications/xpath-2.0.0.gemspec
I, [2015-02-22T22:09:22.830656 #25239]  INFO -- : 0:  capybara (2.4.4) from /home/wadror/.rbenv/versions/2.0.0-p353/lib/ruby/gems/2.0.0/specifications/capybara-2.4.4.gemspec
I, [2015-02-22T22:09:22.831019 #25239]  INFO -- : 0:  coffee-script-source (1.9.0) from /home/wadror/.rbenv/versions/2.0.0-p353/lib/ruby/gems/2.0.0/specifications/coffee-script-source-1.9.0.gemspec
I, [2015-02-22T22:09:22.831543 #25239]  INFO -- : 0:  execjs (2.2.2) from /home/wadror/.rbenv/versions/2.0.0-p353/lib/ruby/gems/2.0.0/specifications/execjs-2.2.2.gemspec
I, [2015-02-22T22:09:22.832024 #25239]  INFO -- : 0:  coffee-script (2.3.0) from /home/wadror/.rbenv/versions/2.0.0-p353/lib/ruby/gems/2.0.0/specifications/coffee-script-2.3.0.gemspec
I, [2015-02-22T22:09:22.839053 #25239]  INFO -- : 0:  thor (0.19.1) from /home/wadror/.rbenv/versions/2.0.0-p353/lib/ruby/gems/2.0.0/specifications/thor-0.19.1.gemspec
I, [2015-02-22T22:09:22.840350 #25239]  INFO -- : 0:  railties (4.1.5) from /home/wadror/.rbenv/versions/2.0.0-p353/lib/ruby/gems/2.0.0/specifications/railties-4.1.5.gemspec
I, [2015-02-22T22:09:22.840690 #25239]  INFO -- : 0:  coffee-rails (4.0.1) from /home/wadror/.rbenv/versions/2.0.0-p353/lib/ruby/gems/2.0.0/specifications/coffee-rails-4.0.1.gemspec
I, [2015-02-22T22:09:22.841201 #25239]  INFO -- : 0:  safe_yaml (1.0.3) from /home/wadror/.rbenv/versions/2.0.0-p353/lib/ruby/gems/2.0.0/specifications/safe_yaml-1.0.3.gemspec
I, [2015-02-22T22:09:22.841793 #25239]  INFO -- : 0:  crack (0.4.2) from /home/wadror/.rbenv/versions/2.0.0-p353/lib/ruby/gems/2.0.0/specifications/crack-0.4.2.gemspec
I, [2015-02-22T22:09:22.848516 #25239]  INFO -- : 0:  diff-lcs (1.2.5) from /home/wadror/.rbenv/versions/2.0.0-p353/lib/ruby/gems/2.0.0/specifications/diff-lcs-1.2.5.gemspec
I, [2015-02-22T22:09:22.848858 #25239]  INFO -- : 0:  docile (1.1.3) from /home/wadror/.rbenv/versions/2.0.0-p353/lib/ruby/gems/2.0.0/specifications/docile-1.1.3.gemspec
I, [2015-02-22T22:09:22.849163 #25239]  INFO -- : 0:  factory_girl (4.5.0) from /home/wadror/.rbenv/versions/2.0.0-p353/lib/ruby/gems/2.0.0/specifications/factory_girl-4.5.0.gemspec
I, [2015-02-22T22:09:22.849464 #25239]  INFO -- : 0:  factory_girl_rails (4.5.0) from /home/wadror/.rbenv/versions/2.0.0-p353/lib/ruby/gems/2.0.0/specifications/factory_girl_rails-4.5.0.gemspec
I, [2015-02-22T22:09:22.849761 #25239]  INFO -- : 0:  hike (1.2.3) from /home/wadror/.rbenv/versions/2.0.0-p353/lib/ruby/gems/2.0.0/specifications/hike-1.2.3.gemspec
I, [2015-02-22T22:09:22.850071 #25239]  INFO -- : 0:  multi_xml (0.5.5) from /home/wadror/.rbenv/versions/2.0.0-p353/lib/ruby/gems/2.0.0/specifications/multi_xml-0.5.5.gemspec
I, [2015-02-22T22:09:22.850414 #25239]  INFO -- : 0:  httparty (0.13.1) from /home/wadror/.rbenv/versions/2.0.0-p353/lib/ruby/gems/2.0.0/specifications/httparty-0.13.1.gemspec
I, [2015-02-22T22:09:22.850724 #25239]  INFO -- : 0:  multi_json (1.10.1) from /home/wadror/.rbenv/versions/2.0.0-p353/lib/ruby/gems/2.0.0/specifications/multi_json-1.10.1.gemspec
I, [2015-02-22T22:09:22.851035 #25239]  INFO -- : 0:  jbuilder (2.2.6) from /home/wadror/.rbenv/versions/2.0.0-p353/lib/ruby/gems/2.0.0/specifications/jbuilder-2.2.6.gemspec
I, [2015-02-22T22:09:22.851395 #25239]  INFO -- : 0:  jquery-rails (3.1.2) from /home/wadror/.rbenv/versions/2.0.0-p353/lib/ruby/gems/2.0.0/specifications/jquery-rails-3.1.2.gemspec
I, [2015-02-22T22:09:22.852932 #25239]  INFO -- : 0:  launchy (2.4.3) from /home/wadror/.rbenv/versions/2.0.0-p353/lib/ruby/gems/2.0.0/specifications/launchy-2.4.3.gemspec
I, [2015-02-22T22:09:22.854395 #25239]  INFO -- : 0:  libv8 (3.16.14.3) from /home/wadror/.rbenv/versions/2.0.0-p353/lib/ruby/gems/2.0.0/specifications/libv8-3.16.14.3.gemspec
I, [2015-02-22T22:09:22.855746 #25239]  INFO -- : 0:  pg (0.18.1) from /home/wadror/.rbenv/versions/2.0.0-p353/lib/ruby/gems/2.0.0/specifications/pg-0.18.1.gemspec
I, [2015-02-22T22:09:22.856043 #25239]  INFO -- : 0:  bundler (1.5.1) from /home/wadror/.rbenv/versions/2.0.0-p353/lib/ruby/gems/2.0.0/specifications/bundler-1.5.1.gemspec
I, [2015-02-22T22:09:22.874106 #25239]  INFO -- : 0:  tilt (1.4.1) from /home/wadror/.rbenv/versions/2.0.0-p353/lib/ruby/gems/2.0.0/specifications/tilt-1.4.1.gemspec
I, [2015-02-22T22:09:22.877959 #25239]  INFO -- : 0:  sprockets (2.12.3) from /home/wadror/.rbenv/versions/2.0.0-p353/lib/ruby/gems/2.0.0/specifications/sprockets-2.12.3.gemspec
I, [2015-02-22T22:09:22.878504 #25239]  INFO -- : 0:  sprockets-rails (2.2.4) from /home/wadror/.rbenv/versions/2.0.0-p353/lib/ruby/gems/2.0.0/specifications/sprockets-rails-2.2.4.gemspec
I, [2015-02-22T22:09:22.878850 #25239]  INFO -- : 0:  rails (4.1.5) from /home/wadror/.rbenv/versions/2.0.0-p353/lib/ruby/gems/2.0.0/specifications/rails-4.1.5.gemspec
I, [2015-02-22T22:09:22.879143 #25239]  INFO -- : 0:  rails_serve_static_assets (0.0.4) from /home/wadror/.rbenv/versions/2.0.0-p353/lib/ruby/gems/2.0.0/specifications/rails_serve_static_assets-0.0.4.gemspec
I, [2015-02-22T22:09:22.880327 #25239]  INFO -- : 0:  rails_stdout_logging (0.0.3) from /home/wadror/.rbenv/versions/2.0.0-p353/lib/ruby/gems/2.0.0/specifications/rails_stdout_logging-0.0.3.gemspec
I, [2015-02-22T22:09:22.880666 #25239]  INFO -- : 0:  rails_12factor (0.0.3) from /home/wadror/.rbenv/versions/2.0.0-p353/lib/ruby/gems/2.0.0/specifications/rails_12factor-0.0.3.gemspec
I, [2015-02-22T22:09:22.880970 #25239]  INFO -- : 0:  rdoc (4.2.0) from /home/wadror/.rbenv/versions/2.0.0-p353/lib/ruby/gems/2.0.0/specifications/rdoc-4.2.0.gemspec
I, [2015-02-22T22:09:22.881310 #25239]  INFO -- : 0:  ref (1.0.5) from /home/wadror/.rbenv/versions/2.0.0-p353/lib/ruby/gems/2.0.0/specifications/ref-1.0.5.gemspec
I, [2015-02-22T22:09:22.881617 #25239]  INFO -- : 0:  rspec-support (3.1.2) from /home/wadror/.rbenv/versions/2.0.0-p353/lib/ruby/gems/2.0.0/specifications/rspec-support-3.1.2.gemspec
I, [2015-02-22T22:09:22.881923 #25239]  INFO -- : 0:  rspec-core (3.1.7) from /home/wadror/.rbenv/versions/2.0.0-p353/lib/ruby/gems/2.0.0/specifications/rspec-core-3.1.7.gemspec
I, [2015-02-22T22:09:22.882226 #25239]  INFO -- : 0:  rspec-expectations (3.1.2) from /home/wadror/.rbenv/versions/2.0.0-p353/lib/ruby/gems/2.0.0/specifications/rspec-expectations-3.1.2.gemspec
I, [2015-02-22T22:09:22.882566 #25239]  INFO -- : 0:  rspec-its (1.1.0) from /home/wadror/.rbenv/versions/2.0.0-p353/lib/ruby/gems/2.0.0/specifications/rspec-its-1.1.0.gemspec
I, [2015-02-22T22:09:22.882976 #25239]  INFO -- : 0:  rspec-mocks (3.1.3) from /home/wadror/.rbenv/versions/2.0.0-p353/lib/ruby/gems/2.0.0/specifications/rspec-mocks-3.1.3.gemspec
I, [2015-02-22T22:09:22.884434 #25239]  INFO -- : 0:  rspec-rails (3.1.0) from /home/wadror/.rbenv/versions/2.0.0-p353/lib/ruby/gems/2.0.0/specifications/rspec-rails-3.1.0.gemspec
I, [2015-02-22T22:09:22.884865 #25239]  INFO -- : 0:  sass (3.2.19) from /home/wadror/.rbenv/versions/2.0.0-p353/lib/ruby/gems/2.0.0/specifications/sass-3.2.19.gemspec
I, [2015-02-22T22:09:22.885395 #25239]  INFO -- : 0:  sass-rails (4.0.5) from /home/wadror/.rbenv/versions/2.0.0-p353/lib/ruby/gems/2.0.0/specifications/sass-rails-4.0.5.gemspec
I, [2015-02-22T22:09:22.885724 #25239]  INFO -- : 0:  sdoc (0.4.1) from /home/wadror/.rbenv/versions/2.0.0-p353/lib/ruby/gems/2.0.0/specifications/sdoc-0.4.1.gemspec
I, [2015-02-22T22:09:22.886078 #25239]  INFO -- : 0:  simplecov-html (0.8.0) from /home/wadror/.rbenv/versions/2.0.0-p353/lib/ruby/gems/2.0.0/specifications/simplecov-html-0.8.0.gemspec
I, [2015-02-22T22:09:22.886399 #25239]  INFO -- : 0:  simplecov (0.8.2) from /home/wadror/.rbenv/versions/2.0.0-p353/lib/ruby/gems/2.0.0/specifications/simplecov-0.8.2.gemspec
I, [2015-02-22T22:09:22.887456 #25239]  INFO -- : 0:  spring (1.2.0) from /home/wadror/.rbenv/versions/2.0.0-p353/lib/ruby/gems/2.0.0/specifications/spring-1.2.0.gemspec
I, [2015-02-22T22:09:22.888226 #25239]  INFO -- : 0:  sqlite3 (1.3.10) from /home/wadror/.rbenv/versions/2.0.0-p353/lib/ruby/gems/2.0.0/specifications/sqlite3-1.3.10.gemspec
I, [2015-02-22T22:09:22.888843 #25239]  INFO -- : 0:  therubyracer (0.12.0) from /home/wadror/.rbenv/versions/2.0.0-p353/lib/ruby/gems/2.0.0/specifications/therubyracer-0.12.0.gemspec
I, [2015-02-22T22:09:22.889369 #25239]  INFO -- : 0:  turbolinks (2.5.3) from /home/wadror/.rbenv/versions/2.0.0-p353/lib/ruby/gems/2.0.0/specifications/turbolinks-2.5.3.gemspec
I, [2015-02-22T22:09:22.889852 #25239]  INFO -- : 0:  uglifier (2.7.0) from /home/wadror/.rbenv/versions/2.0.0-p353/lib/ruby/gems/2.0.0/specifications/uglifier-2.7.0.gemspec
I, [2015-02-22T22:09:22.890182 #25239]  INFO -- : 0:  web-console (2.0.0) from /home/wadror/.rbenv/versions/2.0.0-p353/lib/ruby/gems/2.0.0/specifications/web-console-2.0.0.gemspec
I, [2015-02-22T22:09:22.890901 #25239]  INFO -- : 0:  webmock (1.18.0) from /home/wadror/.rbenv/versions/2.0.0-p353/lib/ruby/gems/2.0.0/specifications/webmock-1.18.0.gemspec
I, [2015-02-22T22:10:20.090725 #25308]  INFO -- : 0:  rake (10.4.2) from /home/wadror/.rbenv/versions/2.0.0-p353/lib/ruby/gems/2.0.0/specifications/rake-10.4.2.gemspec
I, [2015-02-22T22:10:20.091262 #25308]  INFO -- : 0:  i18n (0.7.0) from /home/wadror/.rbenv/versions/2.0.0-p353/lib/ruby/gems/2.0.0/specifications/i18n-0.7.0.gemspec
I, [2015-02-22T22:10:20.091577 #25308]  INFO -- : 0:  json (1.8.2) from /home/wadror/.rbenv/versions/2.0.0-p353/lib/ruby/gems/2.0.0/specifications/json-1.8.2.gemspec
I, [2015-02-22T22:10:20.091889 #25308]  INFO -- : 0:  minitest (5.5.1) from /home/wadror/.rbenv/versions/2.0.0-p353/lib/ruby/gems/2.0.0/specifications/minitest-5.5.1.gemspec
I, [2015-02-22T22:10:20.092277 #25308]  INFO -- : 0:  thread_safe (0.3.4) from /home/wadror/.rbenv/versions/2.0.0-p353/lib/ruby/gems/2.0.0/specifications/thread_safe-0.3.4.gemspec
I, [2015-02-22T22:10:20.092686 #25308]  INFO -- : 0:  tzinfo (1.2.2) from /home/wadror/.rbenv/versions/2.0.0-p353/lib/ruby/gems/2.0.0/specifications/tzinfo-1.2.2.gemspec
I, [2015-02-22T22:10:20.093028 #25308]  INFO -- : 0:  activesupport (4.1.5) from /home/wadror/.rbenv/versions/2.0.0-p353/lib/ruby/gems/2.0.0/specifications/activesupport-4.1.5.gemspec
I, [2015-02-22T22:10:20.093331 #25308]  INFO -- : 0:  builder (3.2.2) from /home/wadror/.rbenv/versions/2.0.0-p353/lib/ruby/gems/2.0.0/specifications/builder-3.2.2.gemspec
I, [2015-02-22T22:10:20.093641 #25308]  INFO -- : 0:  erubis (2.7.0) from /home/wadror/.rbenv/versions/2.0.0-p353/lib/ruby/gems/2.0.0/specifications/erubis-2.7.0.gemspec
I, [2015-02-22T22:10:20.093939 #25308]  INFO -- : 0:  actionview (4.1.5) from /home/wadror/.rbenv/versions/2.0.0-p353/lib/ruby/gems/2.0.0/specifications/actionview-4.1.5.gemspec
I, [2015-02-22T22:10:20.094236 #25308]  INFO -- : 0:  rack (1.5.2) from /home/wadror/.rbenv/versions/2.0.0-p353/lib/ruby/gems/2.0.0/specifications/rack-1.5.2.gemspec
I, [2015-02-22T22:10:20.094552 #25308]  INFO -- : 0:  rack-test (0.6.3) from /home/wadror/.rbenv/versions/2.0.0-p353/lib/ruby/gems/2.0.0/specifications/rack-test-0.6.3.gemspec
I, [2015-02-22T22:10:20.094855 #25308]  INFO -- : 0:  actionpack (4.1.5) from /home/wadror/.rbenv/versions/2.0.0-p353/lib/ruby/gems/2.0.0/specifications/actionpack-4.1.5.gemspec
I, [2015-02-22T22:10:20.095150 #25308]  INFO -- : 0:  mime-types (1.25.1) from /home/wadror/.rbenv/versions/2.0.0-p353/lib/ruby/gems/2.0.0/specifications/mime-types-1.25.1.gemspec
I, [2015-02-22T22:10:20.095450 #25308]  INFO -- : 0:  polyglot (0.3.5) from /home/wadror/.rbenv/versions/2.0.0-p353/lib/ruby/gems/2.0.0/specifications/polyglot-0.3.5.gemspec
I, [2015-02-22T22:10:20.097588 #25308]  INFO -- : 0:  treetop (1.4.15) from /home/wadror/.rbenv/versions/2.0.0-p353/lib/ruby/gems/2.0.0/specifications/treetop-1.4.15.gemspec
I, [2015-02-22T22:10:20.097894 #25308]  INFO -- : 0:  mail (2.5.4) from /home/wadror/.rbenv/versions/2.0.0-p353/lib/ruby/gems/2.0.0/specifications/mail-2.5.4.gemspec
I, [2015-02-22T22:10:20.099658 #25308]  INFO -- : 0:  actionmailer (4.1.5) from /home/wadror/.rbenv/versions/2.0.0-p353/lib/ruby/gems/2.0.0/specifications/actionmailer-4.1.5.gemspec
I, [2015-02-22T22:10:20.100082 #25308]  INFO -- : 0:  activemodel (4.1.5) from /home/wadror/.rbenv/versions/2.0.0-p353/lib/ruby/gems/2.0.0/specifications/activemodel-4.1.5.gemspec
I, [2015-02-22T22:10:20.100404 #25308]  INFO -- : 0:  arel (5.0.1.20140414130214) from /home/wadror/.rbenv/versions/2.0.0-p353/lib/ruby/gems/2.0.0/specifications/arel-5.0.1.20140414130214.gemspec
I, [2015-02-22T22:10:20.100735 #25308]  INFO -- : 0:  activerecord (4.1.5) from /home/wadror/.rbenv/versions/2.0.0-p353/lib/ruby/gems/2.0.0/specifications/activerecord-4.1.5.gemspec
I, [2015-02-22T22:10:20.101047 #25308]  INFO -- : 0:  addressable (2.3.6) from /home/wadror/.rbenv/versions/2.0.0-p353/lib/ruby/gems/2.0.0/specifications/addressable-2.3.6.gemspec
I, [2015-02-22T22:10:20.101355 #25308]  INFO -- : 0:  bcrypt (3.1.10) from /home/wadror/.rbenv/versions/2.0.0-p353/lib/ruby/gems/2.0.0/specifications/bcrypt-3.1.10.gemspec
I, [2015-02-22T22:10:20.101647 #25308]  INFO -- : 0:  coderay (1.1.0) from /home/wadror/.rbenv/versions/2.0.0-p353/lib/ruby/gems/2.0.0/specifications/coderay-1.1.0.gemspec
I, [2015-02-22T22:10:20.101953 #25308]  INFO -- : 0:  better_errors (2.1.1) from /home/wadror/.rbenv/versions/2.0.0-p353/lib/ruby/gems/2.0.0/specifications/better_errors-2.1.1.gemspec
I, [2015-02-22T22:10:20.102233 #25308]  INFO -- : 0:  debug_inspector (0.0.2) from /home/wadror/.rbenv/versions/2.0.0-p353/lib/ruby/gems/2.0.0/specifications/debug_inspector-0.0.2.gemspec
I, [2015-02-22T22:10:20.102481 #25308]  INFO -- : 0:  binding_of_caller (0.7.2) from /home/wadror/.rbenv/versions/2.0.0-p353/lib/ruby/gems/2.0.0/specifications/binding_of_caller-0.7.2.gemspec
I, [2015-02-22T22:10:20.102762 #25308]  INFO -- : 0:  bundler (1.5.1) from /home/wadror/.rbenv/versions/2.0.0-p353/lib/ruby/gems/2.0.0/specifications/bundler-1.5.1.gemspec
I, [2015-02-22T22:10:20.103060 #25308]  INFO -- : 0:  columnize (0.9.0) from /home/wadror/.rbenv/versions/2.0.0-p353/lib/ruby/gems/2.0.0/specifications/columnize-0.9.0.gemspec
I, [2015-02-22T22:10:20.105440 #25308]  INFO -- : 0:  debugger-linecache (1.2.0) from /home/wadror/.rbenv/versions/2.0.0-p353/lib/ruby/gems/2.0.0/specifications/debugger-linecache-1.2.0.gemspec
I, [2015-02-22T22:10:20.107589 #25308]  INFO -- : 0:  slop (3.6.0) from /home/wadror/.rbenv/versions/2.0.0-p353/lib/ruby/gems/2.0.0/specifications/slop-3.6.0.gemspec
I, [2015-02-22T22:10:20.108659 #25308]  INFO -- : 0:  byebug (3.5.1) from /home/wadror/.rbenv/versions/2.0.0-p353/lib/ruby/gems/2.0.0/specifications/byebug-3.5.1.gemspec
I, [2015-02-22T22:10:20.109364 #25308]  INFO -- : 0:  mini_portile (0.6.2) from /home/wadror/.rbenv/versions/2.0.0-p353/lib/ruby/gems/2.0.0/specifications/mini_portile-0.6.2.gemspec
I, [2015-02-22T22:10:20.109812 #25308]  INFO -- : 0:  nokogiri (1.6.6.2) from /home/wadror/.rbenv/versions/2.0.0-p353/lib/ruby/gems/2.0.0/specifications/nokogiri-1.6.6.2.gemspec
I, [2015-02-22T22:10:20.110124 #25308]  INFO -- : 0:  xpath (2.0.0) from /home/wadror/.rbenv/versions/2.0.0-p353/lib/ruby/gems/2.0.0/specifications/xpath-2.0.0.gemspec
I, [2015-02-22T22:10:20.110412 #25308]  INFO -- : 0:  capybara (2.4.4) from /home/wadror/.rbenv/versions/2.0.0-p353/lib/ruby/gems/2.0.0/specifications/capybara-2.4.4.gemspec
I, [2015-02-22T22:10:20.110750 #25308]  INFO -- : 0:  coffee-script-source (1.9.0) from /home/wadror/.rbenv/versions/2.0.0-p353/lib/ruby/gems/2.0.0/specifications/coffee-script-source-1.9.0.gemspec
I, [2015-02-22T22:10:20.111210 #25308]  INFO -- : 0:  execjs (2.2.2) from /home/wadror/.rbenv/versions/2.0.0-p353/lib/ruby/gems/2.0.0/specifications/execjs-2.2.2.gemspec
I, [2015-02-22T22:10:20.111713 #25308]  INFO -- : 0:  coffee-script (2.3.0) from /home/wadror/.rbenv/versions/2.0.0-p353/lib/ruby/gems/2.0.0/specifications/coffee-script-2.3.0.gemspec
I, [2015-02-22T22:10:20.112060 #25308]  INFO -- : 0:  thor (0.19.1) from /home/wadror/.rbenv/versions/2.0.0-p353/lib/ruby/gems/2.0.0/specifications/thor-0.19.1.gemspec
I, [2015-02-22T22:10:20.112446 #25308]  INFO -- : 0:  railties (4.1.5) from /home/wadror/.rbenv/versions/2.0.0-p353/lib/ruby/gems/2.0.0/specifications/railties-4.1.5.gemspec
I, [2015-02-22T22:10:20.112779 #25308]  INFO -- : 0:  coffee-rails (4.0.1) from /home/wadror/.rbenv/versions/2.0.0-p353/lib/ruby/gems/2.0.0/specifications/coffee-rails-4.0.1.gemspec
I, [2015-02-22T22:10:20.113100 #25308]  INFO -- : 0:  safe_yaml (1.0.3) from /home/wadror/.rbenv/versions/2.0.0-p353/lib/ruby/gems/2.0.0/specifications/safe_yaml-1.0.3.gemspec
I, [2015-02-22T22:10:20.113458 #25308]  INFO -- : 0:  crack (0.4.2) from /home/wadror/.rbenv/versions/2.0.0-p353/lib/ruby/gems/2.0.0/specifications/crack-0.4.2.gemspec
I, [2015-02-22T22:10:20.121233 #25308]  INFO -- : 0:  diff-lcs (1.2.5) from /home/wadror/.rbenv/versions/2.0.0-p353/lib/ruby/gems/2.0.0/specifications/diff-lcs-1.2.5.gemspec
I, [2015-02-22T22:10:20.122082 #25308]  INFO -- : 0:  docile (1.1.3) from /home/wadror/.rbenv/versions/2.0.0-p353/lib/ruby/gems/2.0.0/specifications/docile-1.1.3.gemspec
I, [2015-02-22T22:10:20.122713 #25308]  INFO -- : 0:  factory_girl (4.5.0) from /home/wadror/.rbenv/versions/2.0.0-p353/lib/ruby/gems/2.0.0/specifications/factory_girl-4.5.0.gemspec
I, [2015-02-22T22:10:20.123401 #25308]  INFO -- : 0:  factory_girl_rails (4.5.0) from /home/wadror/.rbenv/versions/2.0.0-p353/lib/ruby/gems/2.0.0/specifications/factory_girl_rails-4.5.0.gemspec
I, [2015-02-22T22:10:20.123875 #25308]  INFO -- : 0:  hike (1.2.3) from /home/wadror/.rbenv/versions/2.0.0-p353/lib/ruby/gems/2.0.0/specifications/hike-1.2.3.gemspec
I, [2015-02-22T22:10:20.124192 #25308]  INFO -- : 0:  multi_xml (0.5.5) from /home/wadror/.rbenv/versions/2.0.0-p353/lib/ruby/gems/2.0.0/specifications/multi_xml-0.5.5.gemspec
I, [2015-02-22T22:10:20.124559 #25308]  INFO -- : 0:  httparty (0.13.1) from /home/wadror/.rbenv/versions/2.0.0-p353/lib/ruby/gems/2.0.0/specifications/httparty-0.13.1.gemspec
I, [2015-02-22T22:10:20.124859 #25308]  INFO -- : 0:  multi_json (1.10.1) from /home/wadror/.rbenv/versions/2.0.0-p353/lib/ruby/gems/2.0.0/specifications/multi_json-1.10.1.gemspec
I, [2015-02-22T22:10:20.125161 #25308]  INFO -- : 0:  jbuilder (2.2.6) from /home/wadror/.rbenv/versions/2.0.0-p353/lib/ruby/gems/2.0.0/specifications/jbuilder-2.2.6.gemspec
I, [2015-02-22T22:10:20.125459 #25308]  INFO -- : 0:  jquery-rails (3.1.2) from /home/wadror/.rbenv/versions/2.0.0-p353/lib/ruby/gems/2.0.0/specifications/jquery-rails-3.1.2.gemspec
I, [2015-02-22T22:10:20.125755 #25308]  INFO -- : 0:  launchy (2.4.3) from /home/wadror/.rbenv/versions/2.0.0-p353/lib/ruby/gems/2.0.0/specifications/launchy-2.4.3.gemspec
I, [2015-02-22T22:10:20.126036 #25308]  INFO -- : 0:  libv8 (3.16.14.3) from /home/wadror/.rbenv/versions/2.0.0-p353/lib/ruby/gems/2.0.0/specifications/libv8-3.16.14.3.gemspec
I, [2015-02-22T22:10:20.126328 #25308]  INFO -- : 0:  pg (0.18.1) from /home/wadror/.rbenv/versions/2.0.0-p353/lib/ruby/gems/2.0.0/specifications/pg-0.18.1.gemspec
I, [2015-02-22T22:10:20.126670 #25308]  INFO -- : 0:  tilt (1.4.1) from /home/wadror/.rbenv/versions/2.0.0-p353/lib/ruby/gems/2.0.0/specifications/tilt-1.4.1.gemspec
I, [2015-02-22T22:10:20.126957 #25308]  INFO -- : 0:  sprockets (2.12.3) from /home/wadror/.rbenv/versions/2.0.0-p353/lib/ruby/gems/2.0.0/specifications/sprockets-2.12.3.gemspec
I, [2015-02-22T22:10:20.127251 #25308]  INFO -- : 0:  sprockets-rails (2.2.4) from /home/wadror/.rbenv/versions/2.0.0-p353/lib/ruby/gems/2.0.0/specifications/sprockets-rails-2.2.4.gemspec
I, [2015-02-22T22:10:20.127548 #25308]  INFO -- : 0:  rails (4.1.5) from /home/wadror/.rbenv/versions/2.0.0-p353/lib/ruby/gems/2.0.0/specifications/rails-4.1.5.gemspec
I, [2015-02-22T22:10:20.127832 #25308]  INFO -- : 0:  rails_serve_static_assets (0.0.4) from /home/wadror/.rbenv/versions/2.0.0-p353/lib/ruby/gems/2.0.0/specifications/rails_serve_static_assets-0.0.4.gemspec
I, [2015-02-22T22:10:20.128101 #25308]  INFO -- : 0:  rails_stdout_logging (0.0.3) from /home/wadror/.rbenv/versions/2.0.0-p353/lib/ruby/gems/2.0.0/specifications/rails_stdout_logging-0.0.3.gemspec
I, [2015-02-22T22:10:20.128382 #25308]  INFO -- : 0:  rails_12factor (0.0.3) from /home/wadror/.rbenv/versions/2.0.0-p353/lib/ruby/gems/2.0.0/specifications/rails_12factor-0.0.3.gemspec
I, [2015-02-22T22:10:21.741569 #25308]  INFO -- : 0:  rb-readline (0.4.2) from /home/wadror/.rbenv/versions/2.0.0-p353/lib/ruby/gems/2.0.0/specifications/rb-readline-0.4.2.gemspec
I, [2015-02-22T22:10:21.742420 #25308]  INFO -- : 0:  rdoc (4.2.0) from /home/wadror/.rbenv/versions/2.0.0-p353/lib/ruby/gems/2.0.0/specifications/rdoc-4.2.0.gemspec
I, [2015-02-22T22:10:21.743028 #25308]  INFO -- : 0:  ref (1.0.5) from /home/wadror/.rbenv/versions/2.0.0-p353/lib/ruby/gems/2.0.0/specifications/ref-1.0.5.gemspec
I, [2015-02-22T22:10:21.743420 #25308]  INFO -- : 0:  rspec-support (3.1.2) from /home/wadror/.rbenv/versions/2.0.0-p353/lib/ruby/gems/2.0.0/specifications/rspec-support-3.1.2.gemspec
I, [2015-02-22T22:10:21.743816 #25308]  INFO -- : 0:  rspec-core (3.1.7) from /home/wadror/.rbenv/versions/2.0.0-p353/lib/ruby/gems/2.0.0/specifications/rspec-core-3.1.7.gemspec
I, [2015-02-22T22:10:21.745691 #25308]  INFO -- : 0:  rspec-expectations (3.1.2) from /home/wadror/.rbenv/versions/2.0.0-p353/lib/ruby/gems/2.0.0/specifications/rspec-expectations-3.1.2.gemspec
I, [2015-02-22T22:10:21.746064 #25308]  INFO -- : 0:  rspec-its (1.1.0) from /home/wadror/.rbenv/versions/2.0.0-p353/lib/ruby/gems/2.0.0/specifications/rspec-its-1.1.0.gemspec
I, [2015-02-22T22:10:21.746410 #25308]  INFO -- : 0:  rspec-mocks (3.1.3) from /home/wadror/.rbenv/versions/2.0.0-p353/lib/ruby/gems/2.0.0/specifications/rspec-mocks-3.1.3.gemspec
I, [2015-02-22T22:10:21.746753 #25308]  INFO -- : 0:  rspec-rails (3.1.0) from /home/wadror/.rbenv/versions/2.0.0-p353/lib/ruby/gems/2.0.0/specifications/rspec-rails-3.1.0.gemspec
I, [2015-02-22T22:10:21.747681 #25308]  INFO -- : 0:  sass (3.2.19) from /home/wadror/.rbenv/versions/2.0.0-p353/lib/ruby/gems/2.0.0/specifications/sass-3.2.19.gemspec
I, [2015-02-22T22:10:21.748007 #25308]  INFO -- : 0:  sass-rails (4.0.5) from /home/wadror/.rbenv/versions/2.0.0-p353/lib/ruby/gems/2.0.0/specifications/sass-rails-4.0.5.gemspec
I, [2015-02-22T22:10:21.748362 #25308]  INFO -- : 0:  sdoc (0.4.1) from /home/wadror/.rbenv/versions/2.0.0-p353/lib/ruby/gems/2.0.0/specifications/sdoc-0.4.1.gemspec
I, [2015-02-22T22:10:21.748683 #25308]  INFO -- : 0:  simplecov-html (0.8.0) from /home/wadror/.rbenv/versions/2.0.0-p353/lib/ruby/gems/2.0.0/specifications/simplecov-html-0.8.0.gemspec
I, [2015-02-22T22:10:21.749028 #25308]  INFO -- : 0:  simplecov (0.8.2) from /home/wadror/.rbenv/versions/2.0.0-p353/lib/ruby/gems/2.0.0/specifications/simplecov-0.8.2.gemspec
I, [2015-02-22T22:10:21.749362 #25308]  INFO -- : 0:  spring (1.2.0) from /home/wadror/.rbenv/versions/2.0.0-p353/lib/ruby/gems/2.0.0/specifications/spring-1.2.0.gemspec
I, [2015-02-22T22:10:21.749674 #25308]  INFO -- : 0:  sqlite3 (1.3.10) from /home/wadror/.rbenv/versions/2.0.0-p353/lib/ruby/gems/2.0.0/specifications/sqlite3-1.3.10.gemspec
I, [2015-02-22T22:10:21.750023 #25308]  INFO -- : 0:  therubyracer (0.12.0) from /home/wadror/.rbenv/versions/2.0.0-p353/lib/ruby/gems/2.0.0/specifications/therubyracer-0.12.0.gemspec
I, [2015-02-22T22:10:21.751169 #25308]  INFO -- : 0:  turbolinks (2.5.3) from /home/wadror/.rbenv/versions/2.0.0-p353/lib/ruby/gems/2.0.0/specifications/turbolinks-2.5.3.gemspec
I, [2015-02-22T22:10:21.755129 #25308]  INFO -- : 0:  uglifier (2.7.0) from /home/wadror/.rbenv/versions/2.0.0-p353/lib/ruby/gems/2.0.0/specifications/uglifier-2.7.0.gemspec
I, [2015-02-22T22:10:21.756466 #25308]  INFO -- : 0:  web-console (2.0.0) from /home/wadror/.rbenv/versions/2.0.0-p353/lib/ruby/gems/2.0.0/specifications/web-console-2.0.0.gemspec
I, [2015-02-22T22:10:21.757474 #25308]  INFO -- : 0:  webmock (1.18.0) from /home/wadror/.rbenv/versions/2.0.0-p353/lib/ruby/gems/2.0.0/specifications/webmock-1.18.0.gemspec
I, [2015-02-22T22:12:52.984221 #25500]  INFO -- : 0:  rake (10.4.2) from /home/wadror/.rbenv/versions/2.0.0-p353/lib/ruby/gems/2.0.0/specifications/rake-10.4.2.gemspec
I, [2015-02-22T22:12:52.985859 #25500]  INFO -- : 0:  i18n (0.7.0) from /home/wadror/.rbenv/versions/2.0.0-p353/lib/ruby/gems/2.0.0/specifications/i18n-0.7.0.gemspec
I, [2015-02-22T22:12:52.986327 #25500]  INFO -- : 0:  json (1.8.2) from /home/wadror/.rbenv/versions/2.0.0-p353/lib/ruby/gems/2.0.0/specifications/json-1.8.2.gemspec
I, [2015-02-22T22:12:52.986897 #25500]  INFO -- : 0:  minitest (5.5.1) from /home/wadror/.rbenv/versions/2.0.0-p353/lib/ruby/gems/2.0.0/specifications/minitest-5.5.1.gemspec
I, [2015-02-22T22:12:52.988928 #25500]  INFO -- : 0:  thread_safe (0.3.4) from /home/wadror/.rbenv/versions/2.0.0-p353/lib/ruby/gems/2.0.0/specifications/thread_safe-0.3.4.gemspec
I, [2015-02-22T22:12:52.989874 #25500]  INFO -- : 0:  tzinfo (1.2.2) from /home/wadror/.rbenv/versions/2.0.0-p353/lib/ruby/gems/2.0.0/specifications/tzinfo-1.2.2.gemspec
I, [2015-02-22T22:12:52.990781 #25500]  INFO -- : 0:  activesupport (4.1.5) from /home/wadror/.rbenv/versions/2.0.0-p353/lib/ruby/gems/2.0.0/specifications/activesupport-4.1.5.gemspec
I, [2015-02-22T22:12:52.991177 #25500]  INFO -- : 0:  builder (3.2.2) from /home/wadror/.rbenv/versions/2.0.0-p353/lib/ruby/gems/2.0.0/specifications/builder-3.2.2.gemspec
I, [2015-02-22T22:12:52.991568 #25500]  INFO -- : 0:  erubis (2.7.0) from /home/wadror/.rbenv/versions/2.0.0-p353/lib/ruby/gems/2.0.0/specifications/erubis-2.7.0.gemspec
I, [2015-02-22T22:12:52.992169 #25500]  INFO -- : 0:  actionview (4.1.5) from /home/wadror/.rbenv/versions/2.0.0-p353/lib/ruby/gems/2.0.0/specifications/actionview-4.1.5.gemspec
I, [2015-02-22T22:12:52.993834 #25500]  INFO -- : 0:  rack (1.5.2) from /home/wadror/.rbenv/versions/2.0.0-p353/lib/ruby/gems/2.0.0/specifications/rack-1.5.2.gemspec
I, [2015-02-22T22:12:52.994150 #25500]  INFO -- : 0:  rack-test (0.6.3) from /home/wadror/.rbenv/versions/2.0.0-p353/lib/ruby/gems/2.0.0/specifications/rack-test-0.6.3.gemspec
I, [2015-02-22T22:12:52.994606 #25500]  INFO -- : 0:  actionpack (4.1.5) from /home/wadror/.rbenv/versions/2.0.0-p353/lib/ruby/gems/2.0.0/specifications/actionpack-4.1.5.gemspec
I, [2015-02-22T22:12:52.994918 #25500]  INFO -- : 0:  mime-types (1.25.1) from /home/wadror/.rbenv/versions/2.0.0-p353/lib/ruby/gems/2.0.0/specifications/mime-types-1.25.1.gemspec
I, [2015-02-22T22:12:52.995219 #25500]  INFO -- : 0:  polyglot (0.3.5) from /home/wadror/.rbenv/versions/2.0.0-p353/lib/ruby/gems/2.0.0/specifications/polyglot-0.3.5.gemspec
I, [2015-02-22T22:12:52.995496 #25500]  INFO -- : 0:  treetop (1.4.15) from /home/wadror/.rbenv/versions/2.0.0-p353/lib/ruby/gems/2.0.0/specifications/treetop-1.4.15.gemspec
I, [2015-02-22T22:12:52.995784 #25500]  INFO -- : 0:  mail (2.5.4) from /home/wadror/.rbenv/versions/2.0.0-p353/lib/ruby/gems/2.0.0/specifications/mail-2.5.4.gemspec
I, [2015-02-22T22:12:52.996079 #25500]  INFO -- : 0:  actionmailer (4.1.5) from /home/wadror/.rbenv/versions/2.0.0-p353/lib/ruby/gems/2.0.0/specifications/actionmailer-4.1.5.gemspec
I, [2015-02-22T22:12:52.996412 #25500]  INFO -- : 0:  activemodel (4.1.5) from /home/wadror/.rbenv/versions/2.0.0-p353/lib/ruby/gems/2.0.0/specifications/activemodel-4.1.5.gemspec
I, [2015-02-22T22:12:52.996737 #25500]  INFO -- : 0:  arel (5.0.1.20140414130214) from /home/wadror/.rbenv/versions/2.0.0-p353/lib/ruby/gems/2.0.0/specifications/arel-5.0.1.20140414130214.gemspec
I, [2015-02-22T22:12:52.997074 #25500]  INFO -- : 0:  activerecord (4.1.5) from /home/wadror/.rbenv/versions/2.0.0-p353/lib/ruby/gems/2.0.0/specifications/activerecord-4.1.5.gemspec
I, [2015-02-22T22:12:52.997612 #25500]  INFO -- : 0:  addressable (2.3.6) from /home/wadror/.rbenv/versions/2.0.0-p353/lib/ruby/gems/2.0.0/specifications/addressable-2.3.6.gemspec
I, [2015-02-22T22:12:52.997929 #25500]  INFO -- : 0:  execjs (2.2.2) from /home/wadror/.rbenv/versions/2.0.0-p353/lib/ruby/gems/2.0.0/specifications/execjs-2.2.2.gemspec
I, [2015-02-22T22:12:54.767928 #25500]  INFO -- : 0:  autoprefixer-rails (5.1.7) from /home/wadror/.rbenv/versions/2.0.0-p353/lib/ruby/gems/2.0.0/specifications/autoprefixer-rails-5.1.7.gemspec
I, [2015-02-22T22:12:54.768408 #25500]  INFO -- : 0:  bcrypt (3.1.10) from /home/wadror/.rbenv/versions/2.0.0-p353/lib/ruby/gems/2.0.0/specifications/bcrypt-3.1.10.gemspec
I, [2015-02-22T22:12:54.768726 #25500]  INFO -- : 0:  coderay (1.1.0) from /home/wadror/.rbenv/versions/2.0.0-p353/lib/ruby/gems/2.0.0/specifications/coderay-1.1.0.gemspec
I, [2015-02-22T22:12:54.808081 #25500]  INFO -- : 0:  better_errors (2.1.1) from /home/wadror/.rbenv/versions/2.0.0-p353/lib/ruby/gems/2.0.0/specifications/better_errors-2.1.1.gemspec
I, [2015-02-22T22:12:54.809304 #25500]  INFO -- : 0:  debug_inspector (0.0.2) from /home/wadror/.rbenv/versions/2.0.0-p353/lib/ruby/gems/2.0.0/specifications/debug_inspector-0.0.2.gemspec
I, [2015-02-22T22:12:54.809880 #25500]  INFO -- : 0:  binding_of_caller (0.7.2) from /home/wadror/.rbenv/versions/2.0.0-p353/lib/ruby/gems/2.0.0/specifications/binding_of_caller-0.7.2.gemspec
I, [2015-02-22T22:12:54.810759 #25500]  INFO -- : 0:  sass (3.2.19) from /home/wadror/.rbenv/versions/2.0.0-p353/lib/ruby/gems/2.0.0/specifications/sass-3.2.19.gemspec
I, [2015-02-22T22:12:56.624773 #25500]  INFO -- : 0:  bootstrap-sass (3.3.3) from /home/wadror/.rbenv/versions/2.0.0-p353/lib/ruby/gems/2.0.0/specifications/bootstrap-sass-3.3.3.gemspec
I, [2015-02-22T22:12:56.625238 #25500]  INFO -- : 0:  bundler (1.5.1) from /home/wadror/.rbenv/versions/2.0.0-p353/lib/ruby/gems/2.0.0/specifications/bundler-1.5.1.gemspec
I, [2015-02-22T22:12:56.625562 #25500]  INFO -- : 0:  columnize (0.9.0) from /home/wadror/.rbenv/versions/2.0.0-p353/lib/ruby/gems/2.0.0/specifications/columnize-0.9.0.gemspec
I, [2015-02-22T22:12:56.625865 #25500]  INFO -- : 0:  debugger-linecache (1.2.0) from /home/wadror/.rbenv/versions/2.0.0-p353/lib/ruby/gems/2.0.0/specifications/debugger-linecache-1.2.0.gemspec
I, [2015-02-22T22:12:56.626165 #25500]  INFO -- : 0:  slop (3.6.0) from /home/wadror/.rbenv/versions/2.0.0-p353/lib/ruby/gems/2.0.0/specifications/slop-3.6.0.gemspec
I, [2015-02-22T22:12:56.627313 #25500]  INFO -- : 0:  byebug (3.5.1) from /home/wadror/.rbenv/versions/2.0.0-p353/lib/ruby/gems/2.0.0/specifications/byebug-3.5.1.gemspec
I, [2015-02-22T22:12:56.627620 #25500]  INFO -- : 0:  mini_portile (0.6.2) from /home/wadror/.rbenv/versions/2.0.0-p353/lib/ruby/gems/2.0.0/specifications/mini_portile-0.6.2.gemspec
I, [2015-02-22T22:12:56.627904 #25500]  INFO -- : 0:  nokogiri (1.6.6.2) from /home/wadror/.rbenv/versions/2.0.0-p353/lib/ruby/gems/2.0.0/specifications/nokogiri-1.6.6.2.gemspec
I, [2015-02-22T22:12:56.628182 #25500]  INFO -- : 0:  xpath (2.0.0) from /home/wadror/.rbenv/versions/2.0.0-p353/lib/ruby/gems/2.0.0/specifications/xpath-2.0.0.gemspec
I, [2015-02-22T22:12:56.628460 #25500]  INFO -- : 0:  capybara (2.4.4) from /home/wadror/.rbenv/versions/2.0.0-p353/lib/ruby/gems/2.0.0/specifications/capybara-2.4.4.gemspec
I, [2015-02-22T22:12:56.628744 #25500]  INFO -- : 0:  coffee-script-source (1.9.0) from /home/wadror/.rbenv/versions/2.0.0-p353/lib/ruby/gems/2.0.0/specifications/coffee-script-source-1.9.0.gemspec
I, [2015-02-22T22:12:56.629024 #25500]  INFO -- : 0:  coffee-script (2.3.0) from /home/wadror/.rbenv/versions/2.0.0-p353/lib/ruby/gems/2.0.0/specifications/coffee-script-2.3.0.gemspec
I, [2015-02-22T22:12:56.629302 #25500]  INFO -- : 0:  thor (0.19.1) from /home/wadror/.rbenv/versions/2.0.0-p353/lib/ruby/gems/2.0.0/specifications/thor-0.19.1.gemspec
I, [2015-02-22T22:12:56.629580 #25500]  INFO -- : 0:  railties (4.1.5) from /home/wadror/.rbenv/versions/2.0.0-p353/lib/ruby/gems/2.0.0/specifications/railties-4.1.5.gemspec
I, [2015-02-22T22:12:56.630016 #25500]  INFO -- : 0:  coffee-rails (4.0.1) from /home/wadror/.rbenv/versions/2.0.0-p353/lib/ruby/gems/2.0.0/specifications/coffee-rails-4.0.1.gemspec
I, [2015-02-22T22:12:56.630388 #25500]  INFO -- : 0:  safe_yaml (1.0.3) from /home/wadror/.rbenv/versions/2.0.0-p353/lib/ruby/gems/2.0.0/specifications/safe_yaml-1.0.3.gemspec
I, [2015-02-22T22:12:56.632311 #25500]  INFO -- : 0:  crack (0.4.2) from /home/wadror/.rbenv/versions/2.0.0-p353/lib/ruby/gems/2.0.0/specifications/crack-0.4.2.gemspec
I, [2015-02-22T22:12:56.632830 #25500]  INFO -- : 0:  diff-lcs (1.2.5) from /home/wadror/.rbenv/versions/2.0.0-p353/lib/ruby/gems/2.0.0/specifications/diff-lcs-1.2.5.gemspec
I, [2015-02-22T22:12:56.633316 #25500]  INFO -- : 0:  docile (1.1.3) from /home/wadror/.rbenv/versions/2.0.0-p353/lib/ruby/gems/2.0.0/specifications/docile-1.1.3.gemspec
I, [2015-02-22T22:12:56.633748 #25500]  INFO -- : 0:  factory_girl (4.5.0) from /home/wadror/.rbenv/versions/2.0.0-p353/lib/ruby/gems/2.0.0/specifications/factory_girl-4.5.0.gemspec
I, [2015-02-22T22:12:56.634066 #25500]  INFO -- : 0:  factory_girl_rails (4.5.0) from /home/wadror/.rbenv/versions/2.0.0-p353/lib/ruby/gems/2.0.0/specifications/factory_girl_rails-4.5.0.gemspec
I, [2015-02-22T22:12:56.634392 #25500]  INFO -- : 0:  hike (1.2.3) from /home/wadror/.rbenv/versions/2.0.0-p353/lib/ruby/gems/2.0.0/specifications/hike-1.2.3.gemspec
I, [2015-02-22T22:12:56.634658 #25500]  INFO -- : 0:  multi_xml (0.5.5) from /home/wadror/.rbenv/versions/2.0.0-p353/lib/ruby/gems/2.0.0/specifications/multi_xml-0.5.5.gemspec
I, [2015-02-22T22:12:56.638140 #25500]  INFO -- : 0:  httparty (0.13.1) from /home/wadror/.rbenv/versions/2.0.0-p353/lib/ruby/gems/2.0.0/specifications/httparty-0.13.1.gemspec
I, [2015-02-22T22:12:56.638508 #25500]  INFO -- : 0:  multi_json (1.10.1) from /home/wadror/.rbenv/versions/2.0.0-p353/lib/ruby/gems/2.0.0/specifications/multi_json-1.10.1.gemspec
I, [2015-02-22T22:12:56.638743 #25500]  INFO -- : 0:  jbuilder (2.2.6) from /home/wadror/.rbenv/versions/2.0.0-p353/lib/ruby/gems/2.0.0/specifications/jbuilder-2.2.6.gemspec
I, [2015-02-22T22:12:56.639042 #25500]  INFO -- : 0:  jquery-rails (3.1.2) from /home/wadror/.rbenv/versions/2.0.0-p353/lib/ruby/gems/2.0.0/specifications/jquery-rails-3.1.2.gemspec
I, [2015-02-22T22:12:56.639334 #25500]  INFO -- : 0:  launchy (2.4.3) from /home/wadror/.rbenv/versions/2.0.0-p353/lib/ruby/gems/2.0.0/specifications/launchy-2.4.3.gemspec
I, [2015-02-22T22:12:56.639631 #25500]  INFO -- : 0:  libv8 (3.16.14.3) from /home/wadror/.rbenv/versions/2.0.0-p353/lib/ruby/gems/2.0.0/specifications/libv8-3.16.14.3.gemspec
I, [2015-02-22T22:12:56.639947 #25500]  INFO -- : 0:  pg (0.18.1) from /home/wadror/.rbenv/versions/2.0.0-p353/lib/ruby/gems/2.0.0/specifications/pg-0.18.1.gemspec
I, [2015-02-22T22:12:56.640248 #25500]  INFO -- : 0:  tilt (1.4.1) from /home/wadror/.rbenv/versions/2.0.0-p353/lib/ruby/gems/2.0.0/specifications/tilt-1.4.1.gemspec
I, [2015-02-22T22:12:56.640544 #25500]  INFO -- : 0:  sprockets (2.12.3) from /home/wadror/.rbenv/versions/2.0.0-p353/lib/ruby/gems/2.0.0/specifications/sprockets-2.12.3.gemspec
I, [2015-02-22T22:12:56.640827 #25500]  INFO -- : 0:  sprockets-rails (2.2.4) from /home/wadror/.rbenv/versions/2.0.0-p353/lib/ruby/gems/2.0.0/specifications/sprockets-rails-2.2.4.gemspec
I, [2015-02-22T22:12:56.641105 #25500]  INFO -- : 0:  rails (4.1.5) from /home/wadror/.rbenv/versions/2.0.0-p353/lib/ruby/gems/2.0.0/specifications/rails-4.1.5.gemspec
I, [2015-02-22T22:12:56.641380 #25500]  INFO -- : 0:  rails_serve_static_assets (0.0.4) from /home/wadror/.rbenv/versions/2.0.0-p353/lib/ruby/gems/2.0.0/specifications/rails_serve_static_assets-0.0.4.gemspec
I, [2015-02-22T22:12:56.641654 #25500]  INFO -- : 0:  rails_stdout_logging (0.0.3) from /home/wadror/.rbenv/versions/2.0.0-p353/lib/ruby/gems/2.0.0/specifications/rails_stdout_logging-0.0.3.gemspec
I, [2015-02-22T22:12:56.641931 #25500]  INFO -- : 0:  rails_12factor (0.0.3) from /home/wadror/.rbenv/versions/2.0.0-p353/lib/ruby/gems/2.0.0/specifications/rails_12factor-0.0.3.gemspec
I, [2015-02-22T22:12:58.525445 #25500]  INFO -- : 0:  rails_layout (1.0.24) from /home/wadror/.rbenv/versions/2.0.0-p353/lib/ruby/gems/2.0.0/specifications/rails_layout-1.0.24.gemspec
I, [2015-02-22T22:12:58.526147 #25500]  INFO -- : 0:  rb-readline (0.4.2) from /home/wadror/.rbenv/versions/2.0.0-p353/lib/ruby/gems/2.0.0/specifications/rb-readline-0.4.2.gemspec
I, [2015-02-22T22:12:58.526479 #25500]  INFO -- : 0:  rdoc (4.2.0) from /home/wadror/.rbenv/versions/2.0.0-p353/lib/ruby/gems/2.0.0/specifications/rdoc-4.2.0.gemspec
I, [2015-02-22T22:12:58.526619 #25500]  INFO -- : 0:  ref (1.0.5) from /home/wadror/.rbenv/versions/2.0.0-p353/lib/ruby/gems/2.0.0/specifications/ref-1.0.5.gemspec
I, [2015-02-22T22:12:58.526955 #25500]  INFO -- : 0:  rspec-support (3.1.2) from /home/wadror/.rbenv/versions/2.0.0-p353/lib/ruby/gems/2.0.0/specifications/rspec-support-3.1.2.gemspec
I, [2015-02-22T22:12:58.527294 #25500]  INFO -- : 0:  rspec-core (3.1.7) from /home/wadror/.rbenv/versions/2.0.0-p353/lib/ruby/gems/2.0.0/specifications/rspec-core-3.1.7.gemspec
I, [2015-02-22T22:12:58.527618 #25500]  INFO -- : 0:  rspec-expectations (3.1.2) from /home/wadror/.rbenv/versions/2.0.0-p353/lib/ruby/gems/2.0.0/specifications/rspec-expectations-3.1.2.gemspec
I, [2015-02-22T22:12:58.527970 #25500]  INFO -- : 0:  rspec-its (1.1.0) from /home/wadror/.rbenv/versions/2.0.0-p353/lib/ruby/gems/2.0.0/specifications/rspec-its-1.1.0.gemspec
I, [2015-02-22T22:12:58.528278 #25500]  INFO -- : 0:  rspec-mocks (3.1.3) from /home/wadror/.rbenv/versions/2.0.0-p353/lib/ruby/gems/2.0.0/specifications/rspec-mocks-3.1.3.gemspec
I, [2015-02-22T22:12:58.528715 #25500]  INFO -- : 0:  rspec-rails (3.1.0) from /home/wadror/.rbenv/versions/2.0.0-p353/lib/ruby/gems/2.0.0/specifications/rspec-rails-3.1.0.gemspec
I, [2015-02-22T22:12:58.529121 #25500]  INFO -- : 0:  sass-rails (4.0.5) from /home/wadror/.rbenv/versions/2.0.0-p353/lib/ruby/gems/2.0.0/specifications/sass-rails-4.0.5.gemspec
I, [2015-02-22T22:12:58.529474 #25500]  INFO -- : 0:  sdoc (0.4.1) from /home/wadror/.rbenv/versions/2.0.0-p353/lib/ruby/gems/2.0.0/specifications/sdoc-0.4.1.gemspec
I, [2015-02-22T22:12:58.529784 #25500]  INFO -- : 0:  simplecov-html (0.8.0) from /home/wadror/.rbenv/versions/2.0.0-p353/lib/ruby/gems/2.0.0/specifications/simplecov-html-0.8.0.gemspec
I, [2015-02-22T22:12:58.530096 #25500]  INFO -- : 0:  simplecov (0.8.2) from /home/wadror/.rbenv/versions/2.0.0-p353/lib/ruby/gems/2.0.0/specifications/simplecov-0.8.2.gemspec
I, [2015-02-22T22:12:58.530388 #25500]  INFO -- : 0:  spring (1.2.0) from /home/wadror/.rbenv/versions/2.0.0-p353/lib/ruby/gems/2.0.0/specifications/spring-1.2.0.gemspec
I, [2015-02-22T22:12:58.530715 #25500]  INFO -- : 0:  sqlite3 (1.3.10) from /home/wadror/.rbenv/versions/2.0.0-p353/lib/ruby/gems/2.0.0/specifications/sqlite3-1.3.10.gemspec
I, [2015-02-22T22:12:58.531008 #25500]  INFO -- : 0:  therubyracer (0.12.0) from /home/wadror/.rbenv/versions/2.0.0-p353/lib/ruby/gems/2.0.0/specifications/therubyracer-0.12.0.gemspec
I, [2015-02-22T22:12:58.531301 #25500]  INFO -- : 0:  turbolinks (2.5.3) from /home/wadror/.rbenv/versions/2.0.0-p353/lib/ruby/gems/2.0.0/specifications/turbolinks-2.5.3.gemspec
I, [2015-02-22T22:12:58.531592 #25500]  INFO -- : 0:  uglifier (2.7.0) from /home/wadror/.rbenv/versions/2.0.0-p353/lib/ruby/gems/2.0.0/specifications/uglifier-2.7.0.gemspec
I, [2015-02-22T22:12:58.531877 #25500]  INFO -- : 0:  web-console (2.0.0) from /home/wadror/.rbenv/versions/2.0.0-p353/lib/ruby/gems/2.0.0/specifications/web-console-2.0.0.gemspec
I, [2015-02-22T22:12:58.532166 #25500]  INFO -- : 0:  webmock (1.18.0) from /home/wadror/.rbenv/versions/2.0.0-p353/lib/ruby/gems/2.0.0/specifications/webmock-1.18.0.gemspec
